<?xml version='1.0' encoding='UTF-8'?>
<testsuite hostname="adinael-Alienware-m15-R7-AMD" name="routes.HelloRoutesSpec" tests="1" errors="0" failures="0" skipped="0" time="0.226" timestamp="2023-07-27T23:11:39">
          <properties>
      <property name="awt.toolkit" value="sun.awt.X11.XToolkit"/><property name="java.specification.version" value="11"/><property name="sun.cpu.isalist" value=""/><property name="sun.jnu.encoding" value="UTF-8"/><property name="sun.arch.data.model" value="64"/><property name="java.vendor.url" value="http://www.azul.com/"/><property name="sun.boot.library.path" value="/home/adinael/.sdkman/candidates/java/11.0.20-zulu/lib"/><property name="sun.java.command" value="/home/adinael/.sdkman/candidates/sbt/1.7.1/bin/sbt-launch.jar testOnly *HelloRoutesSpec"/><property name="jdk.debug" value="release"/><property name="java.specification.vendor" value="Oracle Corporation"/><property name="java.version.date" value="2023-07-18"/><property name="java.home" value="/home/adinael/.sdkman/candidates/java/11.0.20-zulu"/><property name="file.separator" value="/"/><property name="java.vm.compressedOopsMode" value="32-bit"/><property name="line.separator" value="
"/><property name="java.specification.name" value="Java Platform API Specification"/><property name="java.vm.specification.vendor" value="Oracle Corporation"/><property name="jdk.vendor.version" value="Zulu11.66+15-CA"/><property name="sun.management.compiler" value="HotSpot 64-Bit Tiered Compilers"/><property name="java.runtime.version" value="11.0.20+8-LTS"/><property name="user.name" value="adinael"/><property name="log4j.ignoreTCL" value="true"/><property name="file.encoding" value="UTF-8"/><property name="jnidispatch.path" value="/home/adinael/.cache/JNA/temp/jna17128053396964165547.tmp"/><property name="java.vendor.version" value="Zulu11.66+15-CA"/><property name="jna.loaded" value="true"/><property name="java.io.tmpdir" value="/tmp"/><property name="java.version" value="11.0.20"/><property name="java.vm.specification.name" value="Java Virtual Machine Specification"/><property name="java.awt.printerjob" value="sun.print.PSPrinterJob"/><property name="sun.os.patch.level" value="unknown"/><property name="java.library.path" value="/usr/java/packages/lib:/usr/lib64:/lib64:/lib:/usr/lib"/><property name="java.vendor" value="Azul Systems, Inc."/><property name="java.specification.maintenance.version" value="2"/><property name="scala.ext.dirs" value="/home/adinael/.sbt/1.0/java9-rt-ext-azul_systems__inc__11_0_20"/><property name="sun.io.unicode.encoding" value="UnicodeLittle"/><property name="sun.desktop" value="gnome"/><property name="java.class.path" value="/home/adinael/.sdkman/candidates/sbt/1.7.1/bin/sbt-launch.jar"/><property name="java.vm.vendor" value="Azul Systems, Inc."/><property name="jline.shutdownhook" value="false"/><property name="user.timezone" value="America/Mazatlan"/><property name="os.name" value="Linux"/><property name="java.vm.specification.version" value="11"/><property name="sun.java.launcher" value="SUN_STANDARD"/><property name="user.country" value="US"/><property name="sun.cpu.endian" value="little"/><property name="user.home" value="/home/adinael"/><property name="user.language" value="en"/><property name="sbt.script" value="/home/adinael/.sdkman/candidates/sbt/current/bin/sbt"/><property name="sbt.ipcsocket.tmpdir" value="/run/user/1000/.sbtc62fff45/ipcsocket"/><property name="swoval.tmpdir" value="/run/user/1000/.sbtc62fff45/swoval"/><property name="java.awt.graphicsenv" value="sun.awt.X11GraphicsEnvironment"/><property name="jline.esc.timeout" value="0"/><property name="path.separator" value=":"/><property name="os.version" value="5.19.0-46-generic"/><property name="jna.nosys" value="true"/><property name="java.runtime.name" value="OpenJDK Runtime Environment"/><property name="java.vm.name" value="OpenJDK 64-Bit Server VM"/><property name="jna.platform.library.path" value="/usr/lib/x86_64-linux-gnu:/lib/x86_64-linux-gnu:/usr/lib64:/lib64:/usr/lib:/lib:/lib/i386-linux-gnu:/lib/i386-linux-gnu/sse2:/usr/lib/x86_64-linux-gnu/libfakeroot"/><property name="java.vendor.url.bug" value="http://www.azul.com/support/"/><property name="user.dir" value="/home/adinael/wiringbits/projects/akka streams"/><property name="os.arch" value="amd64"/><property name="java.vm.info" value="mixed mode"/><property name="java.vm.version" value="11.0.20+8-LTS"/><property name="java.class.version" value="55.0"/>
    </properties>
          <testcase classname="routes.HelloRoutesSpec" name="HelloRoutes should return 'Hello, Akka HTTP!' for GET requests to /hello" time="0.226">
                      
                    </testcase>
          <system-out><![CDATA[]]></system-out>
          <system-err><![CDATA[]]></system-err>
        </testsuite>